2015-04-04 14:41:08 Error: [Cake\Console\Exception\MissingShellException] Shell class for "All" could not be found.
Exception Attributes: array (
  'class' => 'All',
)
Stack Trace:
#0 /home/beljul/NetBeansProjects/ghostylink/vendor/cakephp/cakephp/src/Console/ShellDispatcher.php(197): Cake\Console\ShellDispatcher->findShell('all')
#1 /home/beljul/NetBeansProjects/ghostylink/vendor/cakephp/cakephp/src/Console/ShellDispatcher.php(171): Cake\Console\ShellDispatcher->_dispatch()
#2 /home/beljul/NetBeansProjects/ghostylink/vendor/cakephp/cakephp/src/Console/ShellDispatcher.php(122): Cake\Console\ShellDispatcher->dispatch()
#3 /home/beljul/NetBeansProjects/ghostylink/bin/cake.php(20): Cake\Console\ShellDispatcher::run(Array)
#4 {main}


2015-04-04 14:43:14 Error: [Cake\Console\Exception\MissingShellException] Shell class for "Model" could not be found.
Exception Attributes: array (
  'class' => 'Model',
)
Stack Trace:
#0 /home/beljul/NetBeansProjects/ghostylink/vendor/cakephp/cakephp/src/Console/ShellDispatcher.php(197): Cake\Console\ShellDispatcher->findShell('model')
#1 /home/beljul/NetBeansProjects/ghostylink/vendor/cakephp/cakephp/src/Console/ShellDispatcher.php(171): Cake\Console\ShellDispatcher->_dispatch()
#2 /home/beljul/NetBeansProjects/ghostylink/vendor/cakephp/cakephp/src/Console/ShellDispatcher.php(122): Cake\Console\ShellDispatcher->dispatch()
#3 /home/beljul/NetBeansProjects/ghostylink/bin/cake.php(20): Cake\Console\ShellDispatcher::run(Array)
#4 {main}


2015-04-04 16:18:54 Error: [Cake\Core\Exception\Exception] Unable to insert fixtures for "App\Test\TestCase\Controller\LinksControllerTest" test case. SQLSTATE[HY000] [1044] Access denied for user 'ghostylink'@'localhost' to database 'ghostylink_test'
Stack Trace:
#0 /home/kremy/Developments/web/ghostylink/vendor/cakephp/cakephp/src/TestSuite/Fixture/FixtureInjector.php(144): Cake\TestSuite\Fixture\FixtureManager->load(Object(App\Test\TestCase\Controller\LinksControllerTest))
#1 /home/kremy/Developments/web/ghostylink/vendor/phpunit/phpunit/src/Framework/TestResult.php(331): Cake\TestSuite\Fixture\FixtureInjector->startTest(Object(App\Test\TestCase\Controller\LinksControllerTest))
#2 /home/kremy/Developments/web/ghostylink/vendor/phpunit/phpunit/src/Framework/TestResult.php(547): PHPUnit_Framework_TestResult->startTest(Object(App\Test\TestCase\Controller\LinksControllerTest))
#3 /home/kremy/Developments/web/ghostylink/vendor/phpunit/phpunit/src/Framework/TestCase.php(699): PHPUnit_Framework_TestResult->run(Object(App\Test\TestCase\Controller\LinksControllerTest))
#4 /home/kremy/Developments/web/ghostylink/vendor/phpunit/phpunit/src/Framework/TestSuite.php(722): PHPUnit_Framework_TestCase->run(Object(PHPUnit_Framework_TestResult))
#5 /home/kremy/Developments/web/ghostylink/vendor/phpunit/phpunit/src/Framework/TestSuite.php(722): PHPUnit_Framework_TestSuite->run(Object(PHPUnit_Framework_TestResult))
#6 /home/kremy/Developments/web/ghostylink/vendor/phpunit/phpunit/src/TextUI/TestRunner.php(406): PHPUnit_Framework_TestSuite->run(Object(PHPUnit_Framework_TestResult))
#7 /home/kremy/Developments/web/ghostylink/vendor/phpunit/phpunit/src/TextUI/Command.php(153): PHPUnit_TextUI_TestRunner->doRun(Object(PHPUnit_Framework_TestSuite), Array)
#8 /home/kremy/Developments/web/ghostylink/vendor/phpunit/phpunit/src/TextUI/Command.php(105): PHPUnit_TextUI_Command->run(Array, true)
#9 /home/kremy/Developments/web/ghostylink/vendor/phpunit/phpunit/phpunit(36): PHPUnit_TextUI_Command::main()
#10 {main}


2015-04-04 16:19:38 Error: [Cake\Core\Exception\Exception] Unable to insert fixtures for "App\Test\TestCase\Controller\LinksControllerTest" test case. SQLSTATE[HY000] [1044] Access denied for user 'ghostylink'@'localhost' to database 'ghostylink_test'
Stack Trace:
#0 /home/kremy/Developments/web/ghostylink/vendor/cakephp/cakephp/src/TestSuite/Fixture/FixtureInjector.php(144): Cake\TestSuite\Fixture\FixtureManager->load(Object(App\Test\TestCase\Controller\LinksControllerTest))
#1 /home/kremy/Developments/web/ghostylink/vendor/phpunit/phpunit/src/Framework/TestResult.php(331): Cake\TestSuite\Fixture\FixtureInjector->startTest(Object(App\Test\TestCase\Controller\LinksControllerTest))
#2 /home/kremy/Developments/web/ghostylink/vendor/phpunit/phpunit/src/Framework/TestResult.php(547): PHPUnit_Framework_TestResult->startTest(Object(App\Test\TestCase\Controller\LinksControllerTest))
#3 /home/kremy/Developments/web/ghostylink/vendor/phpunit/phpunit/src/Framework/TestCase.php(699): PHPUnit_Framework_TestResult->run(Object(App\Test\TestCase\Controller\LinksControllerTest))
#4 /home/kremy/Developments/web/ghostylink/vendor/phpunit/phpunit/src/Framework/TestSuite.php(722): PHPUnit_Framework_TestCase->run(Object(PHPUnit_Framework_TestResult))
#5 /home/kremy/Developments/web/ghostylink/vendor/phpunit/phpunit/src/Framework/TestSuite.php(722): PHPUnit_Framework_TestSuite->run(Object(PHPUnit_Framework_TestResult))
#6 /home/kremy/Developments/web/ghostylink/vendor/phpunit/phpunit/src/TextUI/TestRunner.php(406): PHPUnit_Framework_TestSuite->run(Object(PHPUnit_Framework_TestResult))
#7 /home/kremy/Developments/web/ghostylink/vendor/phpunit/phpunit/src/TextUI/Command.php(153): PHPUnit_TextUI_TestRunner->doRun(Object(PHPUnit_Framework_TestSuite), Array)
#8 /home/kremy/Developments/web/ghostylink/vendor/phpunit/phpunit/src/TextUI/Command.php(105): PHPUnit_TextUI_Command->run(Array, true)
#9 /home/kremy/Developments/web/ghostylink/vendor/phpunit/phpunit/phpunit(36): PHPUnit_TextUI_Command::main()
#10 {main}


